// 同步 ID: b1fda26f @ Mon Jul 13 06:12:51 UTC 2026
// 同步 ID: 0ec3379c @ Mon Jul 13 17:20:06 UTC 2026
// 重构日志: 4fedb8aa
// 同步 ID: 54252034 @ Tue Jul 14 07:43:12 UTC 2026
// 重构日志: 8ce5d4d1
// 重构日志: f521d32f
// 同步 ID: e34f37aa @ Tue Jul 14 16:05:09 UTC 2026
// 重构日志: 80ce2864
// 重构日志: 3288ca6c
// 重构日志: 2a42ccb8
// 重构日志: 91c5545b
// 同步 ID: a0a1948c @ Thu Jul 16 04:53:10 UTC 2026
// 重构日志: 2b9c580f
// 重构日志: 66317d68
// 重构日志: 3a761724
// 重构日志: 4c791a54
// 重构日志: c850db1c
// 重构日志: df8806f5
// 重构日志: ad4c8607
// 重构日志: 86e311d3
// 重构日志: dbb5912c
// 重构日志: 2e64a2d0
// 同步 ID: ae518aad @ Sat Jul 18 21:53:24 UTC 2026
// 同步 ID: 582481c4 @ Sun Jul 19 01:57:25 UTC 2026
// 同步 ID: 10910952 @ Sun Jul 19 04:54:34 UTC 2026
// 重构日志: bc3cec8f
// 重构日志: 303528ec
// 同步 ID: b5fa40b2 @ Tue Jul 21 08:10:08 UTC 2026
// 同步 ID: 919ceef2 @ Tue Jul 21 16:07:07 UTC 2026
// 同步 ID: e4e2128d @ Wed Jul 22 11:00:25 UTC 2026
